{
  "stats": {
    "suites": 1,
    "tests": 5,
    "passes": 5,
    "pending": 0,
    "failures": 0,
    "start": "2022-06-21T16:28:47.967Z",
    "end": "2022-06-21T16:28:57.209Z",
    "duration": 9242,
    "testsRegistered": 5,
    "passPercent": 100,
    "pendingPercent": 0,
    "other": 0,
    "hasOther": false,
    "skipped": 0,
    "hasSkipped": false
  },
  "results": [
    {
      "uuid": "8264277e-df72-4ee8-be16-3d4061160b8b",
      "title": "",
      "fullFile": "cypress/e2e/2-alurapic/alurapic.cy.js",
      "file": "cypress/e2e/2-alurapic/alurapic.cy.js",
      "beforeHooks": [],
      "afterHooks": [],
      "tests": [],
      "suites": [
        {
          "uuid": "aaa8e848-a4b2-4224-9496-16749ba1fb6d",
          "title": "Login e registro de usuarios no Alurapic",
          "fullFile": "",
          "file": "",
          "beforeHooks": [],
          "afterHooks": [],
          "tests": [
            {
              "title": "verifica mensagens de validacao",
              "fullTitle": "Login e registro de usuarios no Alurapic verifica mensagens de validacao",
              "timedOut": null,
              "duration": 2193,
              "state": "passed",
              "speed": "fast",
              "pass": true,
              "fail": false,
              "pending": false,
              "context": null,
              "code": "cy.contains('a', 'Register now').click();\ncy.contains('button', 'Register').click();\ncy.contains('ap-vmessage', 'Email is required!').should('be.visible');\ncy.contains('button', 'Register').click();\ncy.contains('ap-vmessage', 'Full name is required!').should('be.visible');\n;\ncy.contains('ap-vmessage', 'User name is required!').should('be.visible');\n;\ncy.contains('ap-vmessage', 'Password is required!').should('be.visible');\n;",
              "err": {},
              "uuid": "c4f03135-0df5-4513-9eab-5c59e24fd150",
              "parentUUID": "aaa8e848-a4b2-4224-9496-16749ba1fb6d",
              "isHook": false,
              "skipped": false
            },
            {
              "title": "verifica mensagem de email invalido",
              "fullTitle": "Login e registro de usuarios no Alurapic verifica mensagem de email invalido",
              "timedOut": null,
              "duration": 1627,
              "state": "passed",
              "speed": "fast",
              "pass": true,
              "fail": false,
              "pending": false,
              "context": null,
              "code": "cy.contains('a', 'Register now').click();\ncy.contains('button', 'Register').click();\ncy.get('input[formcontrolname=\"email\"]').type('teste');\ncy.contains('ap-vmessage', 'Invalid e-mail').should('be.visible');",
              "err": {},
              "uuid": "08ac7e39-d543-4a53-9efd-cda47316c856",
              "parentUUID": "aaa8e848-a4b2-4224-9496-16749ba1fb6d",
              "isHook": false,
              "skipped": false
            },
            {
              "title": "verifica mensagem de nome completo invalido",
              "fullTitle": "Login e registro de usuarios no Alurapic verifica mensagem de nome completo invalido",
              "timedOut": null,
              "duration": 1169,
              "state": "passed",
              "speed": "fast",
              "pass": true,
              "fail": false,
              "pending": false,
              "context": null,
              "code": "cy.contains('a', 'Register now').click();\ncy.contains('button', 'Register').click();\ncy.get('input[formcontrolname=\"fullName\"]').type('d');\ncy.contains('button', 'Register').click();\ncy.contains('ap-vmessage', 'Mininum length is 2').should('be.visible');",
              "err": {},
              "uuid": "ea8d3aeb-d808-467c-8cb7-962d8ac49b44",
              "parentUUID": "aaa8e848-a4b2-4224-9496-16749ba1fb6d",
              "isHook": false,
              "skipped": false
            },
            {
              "title": "verifica mensagem de nome do usuario invalido",
              "fullTitle": "Login e registro de usuarios no Alurapic verifica mensagem de nome do usuario invalido",
              "timedOut": null,
              "duration": 1227,
              "state": "passed",
              "speed": "fast",
              "pass": true,
              "fail": false,
              "pending": false,
              "context": null,
              "code": "cy.contains('a', 'Register now').click();\ncy.contains('button', 'Register').click();\ncy.get('input[formcontrolname=\"userName\"]').type('d');\ncy.contains('button', 'Register').click();\ncy.contains('ap-vmessage', 'Mininum length is 2').should('be.visible');",
              "err": {},
              "uuid": "42cd1a23-8a69-4865-bcf7-4e310f767f9c",
              "parentUUID": "aaa8e848-a4b2-4224-9496-16749ba1fb6d",
              "isHook": false,
              "skipped": false
            },
            {
              "title": "verifica mensagem de senha invalida",
              "fullTitle": "Login e registro de usuarios no Alurapic verifica mensagem de senha invalida",
              "timedOut": null,
              "duration": 1169,
              "state": "passed",
              "speed": "fast",
              "pass": true,
              "fail": false,
              "pending": false,
              "context": null,
              "code": "cy.contains('a', 'Register now').click();\ncy.contains('button', 'Register').click();\ncy.get('input[formcontrolname=\"password\"]').type('123');\ncy.contains('button', 'Register').click();\ncy.contains('ap-vmessage', 'Mininum length is 8').should('be.visible');",
              "err": {},
              "uuid": "cebc37d1-ceb0-4f99-bb4f-03569224a57a",
              "parentUUID": "aaa8e848-a4b2-4224-9496-16749ba1fb6d",
              "isHook": false,
              "skipped": false
            }
          ],
          "suites": [],
          "passes": [
            "c4f03135-0df5-4513-9eab-5c59e24fd150",
            "08ac7e39-d543-4a53-9efd-cda47316c856",
            "ea8d3aeb-d808-467c-8cb7-962d8ac49b44",
            "42cd1a23-8a69-4865-bcf7-4e310f767f9c",
            "cebc37d1-ceb0-4f99-bb4f-03569224a57a"
          ],
          "failures": [],
          "pending": [],
          "skipped": [],
          "duration": 7385,
          "root": false,
          "rootEmpty": false,
          "_timeout": 2000
        }
      ],
      "passes": [],
      "failures": [],
      "pending": [],
      "skipped": [],
      "duration": 0,
      "root": true,
      "rootEmpty": true,
      "_timeout": 2000
    }
  ],
  "meta": {
    "mocha": {
      "version": "7.0.1"
    },
    "mochawesome": {
      "options": {
        "quiet": false,
        "reportFilename": "mochawesome",
        "saveHtml": true,
        "saveJson": true,
        "consoleReporter": "spec",
        "useInlineDiffs": false,
        "code": true
      },
      "version": "7.1.3"
    },
    "marge": {
      "options": null,
      "version": "6.2.0"
    }
  }
}